生成启动时间为 2020/7/4 18:50:41。
     1>项目“E:\project\时钟\时钟\时钟.vcxproj”在节点 2 上(Build 个目标)。
     1>ClCompile:
         D:\VS2013\VC\bin\CL.exe /c /Zi /nologo /W3 /WX- /sdl /O2 /Oi /Oy- /GL /D WIN32 /D _WINDOWS /D NDEBUG /D _UNICODE /D UNICODE /Gm- /EHsc /MT /GS /Gy /fp:precise /Zc:wchar_t /Zc:forScope /Yc"stdafx.h" /Fp"Release\时钟.pch" /Fo"Release\\" /Fd"Release\vc120.pdb" /Gd /TP /analyze- /errorReport:prompt stdafx.cpp
         stdafx.cpp
     1>e:\project\时钟\时钟\stdafx.h(124): warning C4244: “初始化”: 从“ULONGLONG”转换到“DWORD”，可能丢失数据
     1>e:\project\时钟\时钟\stdafx.h(129): warning C4018: “<”: 有符号/无符号不匹配
     1>e:\project\时钟\时钟\stdafx.h(151): warning C4172: 返回局部变量或临时变量的地址
         D:\VS2013\VC\bin\CL.exe /c /Zi /nologo /W3 /WX- /sdl /O2 /Oi /Oy- /GL /D WIN32 /D _WINDOWS /D NDEBUG /D _UNICODE /D UNICODE /Gm- /EHsc /MT /GS /Gy /fp:precise /Zc:wchar_t /Zc:forScope /Yu"stdafx.h" /Fp"Release\时钟.pch" /Fo"Release\\" /Fd"Release\vc120.pdb" /Gd /TP /analyze- /errorReport:prompt Cclock.cpp "时钟.cpp" "时钟Dlg.cpp"
         Cclock.cpp
         时钟.cpp
         时钟Dlg.cpp
     1>时钟Dlg.cpp(375): warning C4172: 返回局部变量或临时变量的地址
     1>时钟Dlg.cpp(633): warning C4244: “=”: 从“LONG”转换到“uint16”，可能丢失数据
     1>时钟Dlg.cpp(634): warning C4244: “=”: 从“LONG”转换到“uint16”，可能丢失数据
     1>时钟Dlg.cpp(635): warning C4244: “=”: 从“LONG”转换到“uint16”，可能丢失数据
     1>时钟Dlg.cpp(636): warning C4244: “=”: 从“LONG”转换到“uint16”，可能丢失数据
     1>时钟Dlg.cpp(653): warning C4244: “=”: 从“LONG”转换到“uint16”，可能丢失数据
     1>时钟Dlg.cpp(654): warning C4244: “=”: 从“LONG”转换到“uint16”，可能丢失数据
     1>时钟Dlg.cpp(655): warning C4244: “=”: 从“LONG”转换到“uint16”，可能丢失数据
     1>时钟Dlg.cpp(656): warning C4244: “=”: 从“LONG”转换到“uint16”，可能丢失数据
       ResourceCompile:
         C:\Program Files (x86)\Windows Kits\8.1\bin\x86\rc.exe /D NDEBUG /D _UNICODE /D UNICODE /l"0x0804" /IRelease\ /nologo /fo"Release\时钟.res" "时钟.rc" 
       Link:
         D:\VS2013\VC\bin\link.exe /ERRORREPORT:PROMPT /OUT:"E:\project\时钟\Release\时钟.exe" /INCREMENTAL:NO /NOLOGO /MANIFEST /MANIFESTUAC:"level='asInvoker' uiAccess='false'" /manifest:embed /manifestinput:D:\VS2013\VC\Include\Manifest\dpiaware.manifest /DEBUG /PDB:"E:\project\时钟\Release\时钟.pdb" /SUBSYSTEM:WINDOWS /OPT:REF /OPT:ICF /LTCG /TLBID:1 /ENTRY:"wWinMainCRTStartup" /DYNAMICBASE /NXCOMPAT /IMPLIB:"E:\project\时钟\Release\时钟.lib" /MACHINE:X86 /SAFESEH "Release\时钟.res"
         Release\Cclock.obj
         Release\stdafx.obj
         "Release\时钟.obj"
         "Release\时钟Dlg.obj"
         正在生成代码
         已完成代码的生成
         时钟.vcxproj -> E:\project\时钟\Release\时钟.exe
     1>已完成生成项目“E:\project\时钟\时钟\时钟.vcxproj”(Build 个目标)的操作。

生成成功。

已用时间 00:00:11.62
